<?xml version="1.0" encoding="UTF-8"?>
<testng-results ignored="0" total="7" passed="7" failed="0" skipped="0">
  <reporter-output>
  </reporter-output>
  <suite started-at="2025-02-09T13:14:14 EST" name="Suite" finished-at="2025-02-09T13:14:27 EST" duration-ms="13282">
    <groups>
      <group name="cucumber">
        <method signature="AbstractTestNGCucumberTests.runScenario(io.cucumber.testng.PickleEventWrapper,io.cucumber.testng.CucumberFeatureWrapper)[pri:0, instance:com.test.run.Runner@123ef382]" name="runScenario" class="io.cucumber.testng.AbstractTestNGCucumberTests"/>
      </group> <!-- cucumber -->
    </groups>
    <test started-at="2025-02-09T13:14:14 EST" name="Test" finished-at="2025-02-09T13:14:27 EST" duration-ms="13282">
      <class name="com.test.run.Runner">
        <test-method is-config="true" signature="setUpClass()[pri:0, instance:com.test.run.Runner@123ef382]" started-at="2025-02-09T13:14:14 EST" name="setUpClass" finished-at="2025-02-09T13:14:14 EST" duration-ms="62" status="PASS">
          <reporter-output>
          </reporter-output>
        </test-method> <!-- setUpClass -->
        <test-method signature="runScenario(io.cucumber.testng.PickleEventWrapper,io.cucumber.testng.CucumberFeatureWrapper)[pri:0, instance:com.test.run.Runner@123ef382]" started-at="2025-02-09T13:14:14 EST" name="runScenario" description="Runs Cucumber Scenarios" data-provider="scenarios" finished-at="2025-02-09T13:14:17 EST" duration-ms="2366" status="PASS">
          <params>
            <param index="0">
              <value>
                <![CDATA["As a Smattech online banking user, login should success with valid credential but failed with invalid credencial"]]>
              </value>
            </param>
            <param index="1">
              <value>
                <![CDATA["Login function test"]]>
              </value>
            </param>
          </params>
          <reporter-output>
          </reporter-output>
        </test-method> <!-- runScenario -->
        <test-method signature="runScenario(io.cucumber.testng.PickleEventWrapper,io.cucumber.testng.CucumberFeatureWrapper)[pri:0, instance:com.test.run.Runner@123ef382]" started-at="2025-02-09T13:14:17 EST" name="runScenario" description="Runs Cucumber Scenarios" data-provider="scenarios" finished-at="2025-02-09T13:14:18 EST" duration-ms="1709" status="PASS">
          <params>
            <param index="0">
              <value>
                <![CDATA["As a Smattech online banking user, login should success with valid credential but failed with invalid credencial"]]>
              </value>
            </param>
            <param index="1">
              <value>
                <![CDATA["Login function test"]]>
              </value>
            </param>
          </params>
          <reporter-output>
          </reporter-output>
        </test-method> <!-- runScenario -->
        <test-method signature="runScenario(io.cucumber.testng.PickleEventWrapper,io.cucumber.testng.CucumberFeatureWrapper)[pri:0, instance:com.test.run.Runner@123ef382]" started-at="2025-02-09T13:14:18 EST" name="runScenario" description="Runs Cucumber Scenarios" data-provider="scenarios" finished-at="2025-02-09T13:14:20 EST" duration-ms="1809" status="PASS">
          <params>
            <param index="0">
              <value>
                <![CDATA["As a Smattech online banking user, login should success with valid credential but failed with invalid credencial"]]>
              </value>
            </param>
            <param index="1">
              <value>
                <![CDATA["Login function test"]]>
              </value>
            </param>
          </params>
          <reporter-output>
          </reporter-output>
        </test-method> <!-- runScenario -->
        <test-method signature="runScenario(io.cucumber.testng.PickleEventWrapper,io.cucumber.testng.CucumberFeatureWrapper)[pri:0, instance:com.test.run.Runner@123ef382]" started-at="2025-02-09T13:14:20 EST" name="runScenario" description="Runs Cucumber Scenarios" data-provider="scenarios" finished-at="2025-02-09T13:14:22 EST" duration-ms="1743" status="PASS">
          <params>
            <param index="0">
              <value>
                <![CDATA["As a Smattech online banking user, login should success with valid credential but failed with invalid credencial"]]>
              </value>
            </param>
            <param index="1">
              <value>
                <![CDATA["Login function test"]]>
              </value>
            </param>
          </params>
          <reporter-output>
          </reporter-output>
        </test-method> <!-- runScenario -->
        <test-method signature="runScenario(io.cucumber.testng.PickleEventWrapper,io.cucumber.testng.CucumberFeatureWrapper)[pri:0, instance:com.test.run.Runner@123ef382]" started-at="2025-02-09T13:14:22 EST" name="runScenario" description="Runs Cucumber Scenarios" data-provider="scenarios" finished-at="2025-02-09T13:14:24 EST" duration-ms="1693" status="PASS">
          <params>
            <param index="0">
              <value>
                <![CDATA["As a Smattech online banking user, login should success with valid credential but failed with invalid credencial"]]>
              </value>
            </param>
            <param index="1">
              <value>
                <![CDATA["Login function test"]]>
              </value>
            </param>
          </params>
          <reporter-output>
          </reporter-output>
        </test-method> <!-- runScenario -->
        <test-method signature="runScenario(io.cucumber.testng.PickleEventWrapper,io.cucumber.testng.CucumberFeatureWrapper)[pri:0, instance:com.test.run.Runner@123ef382]" started-at="2025-02-09T13:14:24 EST" name="runScenario" description="Runs Cucumber Scenarios" data-provider="scenarios" finished-at="2025-02-09T13:14:25 EST" duration-ms="1853" status="PASS">
          <params>
            <param index="0">
              <value>
                <![CDATA["As a Smattech online banking user, login should success with valid credential but failed with invalid credencial"]]>
              </value>
            </param>
            <param index="1">
              <value>
                <![CDATA["Login function test"]]>
              </value>
            </param>
          </params>
          <reporter-output>
          </reporter-output>
        </test-method> <!-- runScenario -->
        <test-method signature="runScenario(io.cucumber.testng.PickleEventWrapper,io.cucumber.testng.CucumberFeatureWrapper)[pri:0, instance:com.test.run.Runner@123ef382]" started-at="2025-02-09T13:14:25 EST" name="runScenario" description="Runs Cucumber Scenarios" data-provider="scenarios" finished-at="2025-02-09T13:14:27 EST" duration-ms="1902" status="PASS">
          <params>
            <param index="0">
              <value>
                <![CDATA["As a Smattech online banking user, login should success with valid credential but failed with invalid credencial"]]>
              </value>
            </param>
            <param index="1">
              <value>
                <![CDATA["Login function test"]]>
              </value>
            </param>
          </params>
          <reporter-output>
          </reporter-output>
        </test-method> <!-- runScenario -->
        <test-method is-config="true" signature="tearDownClass()[pri:0, instance:com.test.run.Runner@123ef382]" started-at="2025-02-09T13:14:27 EST" name="tearDownClass" finished-at="2025-02-09T13:14:27 EST" duration-ms="68" status="PASS">
          <reporter-output>
          </reporter-output>
        </test-method> <!-- tearDownClass -->
      </class> <!-- com.test.run.Runner -->
    </test> <!-- Test -->
  </suite> <!-- Suite -->
</testng-results>
