<?xml version="1.0" encoding="UTF-8"?>
<testng-results ignored="0" total="3" passed="3" failed="0" skipped="0">
  <reporter-output>
  </reporter-output>
  <suite started-at="2025-02-09T12:50:18 EST" name="Default suite" finished-at="2025-02-09T12:50:25 EST" duration-ms="6687">
    <groups>
      <group name="cucumber">
        <method signature="AbstractTestNGCucumberTests.runScenario(io.cucumber.testng.PickleEventWrapper,io.cucumber.testng.CucumberFeatureWrapper)[pri:0, instance:com.test.run.Runner@557caf28]" name="runScenario" class="io.cucumber.testng.AbstractTestNGCucumberTests"/>
      </group> <!-- cucumber -->
    </groups>
    <test started-at="2025-02-09T12:50:18 EST" name="Default test" finished-at="2025-02-09T12:50:25 EST" duration-ms="6687">
      <class name="com.test.run.Runner">
        <test-method is-config="true" signature="setUpClass()[pri:0, instance:com.test.run.Runner@557caf28]" started-at="2025-02-09T12:50:18 EST" name="setUpClass" finished-at="2025-02-09T12:50:18 EST" duration-ms="86" status="PASS">
          <reporter-output>
          </reporter-output>
        </test-method> <!-- setUpClass -->
        <test-method signature="runScenario(io.cucumber.testng.PickleEventWrapper,io.cucumber.testng.CucumberFeatureWrapper)[pri:0, instance:com.test.run.Runner@557caf28]" started-at="2025-02-09T12:50:18 EST" name="runScenario" description="Runs Cucumber Scenarios" data-provider="scenarios" finished-at="2025-02-09T12:50:21 EST" duration-ms="2885" status="PASS">
          <params>
            <param index="0">
              <value>
                <![CDATA["As a Smattech online banking user, login should success with valid credential but failed with invalid credencial"]]>
              </value>
            </param>
            <param index="1">
              <value>
                <![CDATA["Login function test"]]>
              </value>
            </param>
          </params>
          <reporter-output>
          </reporter-output>
        </test-method> <!-- runScenario -->
        <test-method signature="runScenario(io.cucumber.testng.PickleEventWrapper,io.cucumber.testng.CucumberFeatureWrapper)[pri:0, instance:com.test.run.Runner@557caf28]" started-at="2025-02-09T12:50:21 EST" name="runScenario" description="Runs Cucumber Scenarios" data-provider="scenarios" finished-at="2025-02-09T12:50:23 EST" duration-ms="1777" status="PASS">
          <params>
            <param index="0">
              <value>
                <![CDATA["As a Smattech online banking user, login should success with valid credential but failed with invalid credencial"]]>
              </value>
            </param>
            <param index="1">
              <value>
                <![CDATA["Login function test"]]>
              </value>
            </param>
          </params>
          <reporter-output>
          </reporter-output>
        </test-method> <!-- runScenario -->
        <test-method signature="runScenario(io.cucumber.testng.PickleEventWrapper,io.cucumber.testng.CucumberFeatureWrapper)[pri:0, instance:com.test.run.Runner@557caf28]" started-at="2025-02-09T12:50:23 EST" name="runScenario" description="Runs Cucumber Scenarios" data-provider="scenarios" finished-at="2025-02-09T12:50:25 EST" duration-ms="1824" status="PASS">
          <params>
            <param index="0">
              <value>
                <![CDATA["As a Smattech online banking user, login should success with valid credential but failed with invalid credencial"]]>
              </value>
            </param>
            <param index="1">
              <value>
                <![CDATA["Login function test"]]>
              </value>
            </param>
          </params>
          <reporter-output>
          </reporter-output>
        </test-method> <!-- runScenario -->
        <test-method is-config="true" signature="tearDownClass()[pri:0, instance:com.test.run.Runner@557caf28]" started-at="2025-02-09T12:50:25 EST" name="tearDownClass" finished-at="2025-02-09T12:50:25 EST" duration-ms="42" status="PASS">
          <reporter-output>
          </reporter-output>
        </test-method> <!-- tearDownClass -->
      </class> <!-- com.test.run.Runner -->
    </test> <!-- Default test -->
  </suite> <!-- Default suite -->
</testng-results>
